c:\users\firef\desktop\digipen\cs350\cs350framework\build\int\debug\cs350framework\vc143.pdb
c:\users\firef\desktop\digipen\cs350\cs350framework\build\int\debug\cs350framework\vc143.idb
c:\users\firef\desktop\digipen\cs350\cs350framework\build\int\debug\cs350framework\shapes.obj
c:\users\firef\desktop\digipen\cs350\cs350framework\build\int\debug\cs350framework\geometry.obj
c:\users\firef\desktop\digipen\cs350\cs350framework\build\int\debug\cs350framework\unittests.obj
c:\users\firef\desktop\digipen\cs350\cs350framework\build\int\debug\cs350framework\model.obj
c:\users\firef\desktop\digipen\cs350\cs350framework\build\int\debug\cs350framework\gjk.obj
c:\users\firef\desktop\digipen\cs350\cs350framework\build\int\debug\cs350framework\application.obj
c:\users\firef\desktop\digipen\cs350\cs350framework\build\int\debug\cs350framework\assignment1tests.obj
c:\users\firef\desktop\digipen\cs350\cs350framework\build\int\debug\cs350framework\dynamicaabbtree.obj
c:\users\firef\desktop\digipen\cs350\cs350framework\build\int\debug\cs350framework\assignment3tests.obj
c:\users\firef\desktop\digipen\cs350\cs350framework\build\int\debug\cs350framework\bsptree.obj
c:\users\firef\desktop\digipen\cs350\cs350framework\build\int\debug\cs350framework\assignment4tests.obj
c:\users\firef\desktop\digipen\cs350\cs350framework\build\int\debug\cs350framework\cs350framework.pch
c:\users\firef\desktop\digipen\cs350\cs350framework\build\int\debug\cs350framework\precompiled.obj
c:\users\firef\desktop\digipen\cs350\cs350framework\build\int\debug\cs350framework\mesh.obj
c:\users\firef\desktop\digipen\cs350\cs350framework\build\int\debug\cs350framework\support.obj
c:\users\firef\desktop\digipen\cs350\cs350framework\build\int\debug\cs350framework\main.obj
c:\users\firef\desktop\digipen\cs350\cs350framework\build\int\debug\cs350framework\gizmo.obj
c:\users\firef\desktop\digipen\cs350\cs350framework\build\int\debug\cs350framework\components.obj
c:\users\firef\desktop\digipen\cs350\cs350framework\build\int\debug\cs350framework\camera.obj
c:\users\firef\desktop\digipen\cs350\cs350framework\build\int\debug\cs350framework\simplensquared.obj
c:\users\firef\desktop\digipen\cs350\cs350framework\build\int\debug\cs350framework\debugdraw.obj
c:\users\firef\desktop\digipen\cs350\cs350framework\build\int\debug\cs350framework\assignment5tests.obj
c:\users\firef\desktop\digipen\cs350\cs350framework\build\int\debug\cs350framework\assignment2tests.obj
c:\users\firef\desktop\digipen\cs350\cs350framework\build\int\debug\cs350framework\spatialpartition.obj
c:\users\firef\desktop\digipen\cs350\cs350framework\build\out\debug\cs350framework\cs350framework.exe
c:\users\firef\desktop\digipen\cs350\cs350framework\build\out\debug\cs350framework\cs350framework.pdb
c:\users\firef\desktop\digipen\cs350\cs350framework\build\int\debug\cs350framework\cs350framework.ilk
c:\users\firef\desktop\digipen\cs350\cs350framework\build\int\debug\cs350framework\shapes.obj.enc
c:\users\firef\desktop\digipen\cs350\cs350framework\\build\out\debug\cs350framework\cs350framework.pdb
c:\users\firef\desktop\digipen\cs350\cs350framework\\build\int\debug\cs350framework\cs350framework.vcxproj.filelistabsolute.txt
c:\users\firef\desktop\digipen\cs350\cs350framework\build\int\debug\cs350framework\cs350framework.tlog\cl.command.1.tlog
c:\users\firef\desktop\digipen\cs350\cs350framework\build\int\debug\cs350framework\cs350framework.tlog\cl.items.tlog
c:\users\firef\desktop\digipen\cs350\cs350framework\build\int\debug\cs350framework\cs350framework.tlog\cl.read.1.tlog
c:\users\firef\desktop\digipen\cs350\cs350framework\build\int\debug\cs350framework\cs350framework.tlog\cl.write.1.tlog
c:\users\firef\desktop\digipen\cs350\cs350framework\build\int\debug\cs350framework\cs350framework.tlog\link.command.1.tlog
c:\users\firef\desktop\digipen\cs350\cs350framework\build\int\debug\cs350framework\cs350framework.tlog\link.read.1.tlog
c:\users\firef\desktop\digipen\cs350\cs350framework\build\int\debug\cs350framework\cs350framework.tlog\link.secondary.1.tlog
c:\users\firef\desktop\digipen\cs350\cs350framework\build\int\debug\cs350framework\cs350framework.tlog\link.write.1.tlog
