c:\users\firef\desktop\digipen\cs350\cs350framework\build\int\debug\math\math.pch
c:\users\firef\desktop\digipen\cs350\cs350framework\build\out\debug\math\math.pdb
c:\users\firef\desktop\digipen\cs350\cs350framework\build\out\debug\math\math.idb
c:\users\firef\desktop\digipen\cs350\cs350framework\build\int\debug\math\precompiled.obj
c:\users\firef\desktop\digipen\cs350\cs350framework\build\int\debug\math\vector4.obj
c:\users\firef\desktop\digipen\cs350\cs350framework\build\int\debug\math\vector3.obj
c:\users\firef\desktop\digipen\cs350\cs350framework\build\int\debug\math\vector2.obj
c:\users\firef\desktop\digipen\cs350\cs350framework\build\int\debug\math\utilities.obj
c:\users\firef\desktop\digipen\cs350\cs350framework\build\int\debug\math\reals.obj
c:\users\firef\desktop\digipen\cs350\cs350framework\build\int\debug\math\quaternion.obj
c:\users\firef\desktop\digipen\cs350\cs350framework\build\int\debug\math\matrix4.obj
c:\users\firef\desktop\digipen\cs350\cs350framework\build\int\debug\math\matrix3.obj
c:\users\firef\desktop\digipen\cs350\cs350framework\build\int\debug\math\matrix2.obj
c:\users\firef\desktop\digipen\cs350\cs350framework\build\int\debug\math\mathfunctions.obj
c:\users\firef\desktop\digipen\cs350\cs350framework\build\int\debug\math\eulerorder.obj
c:\users\firef\desktop\digipen\cs350\cs350framework\build\int\debug\math\eulerangles.obj
c:\users\firef\desktop\digipen\cs350\cs350framework\build\out\debug\math\math.lib
c:\users\firef\desktop\digipen\cs350\cs350framework\\build\out\debug\math\math.pdb
c:\users\firef\desktop\digipen\cs350\cs350framework\\build\int\debug\math\math.vcxproj.filelistabsolute.txt
c:\users\firef\desktop\digipen\cs350\cs350framework\build\int\debug\math\math.tlog\cl.command.1.tlog
c:\users\firef\desktop\digipen\cs350\cs350framework\build\int\debug\math\math.tlog\cl.items.tlog
c:\users\firef\desktop\digipen\cs350\cs350framework\build\int\debug\math\math.tlog\cl.read.1.tlog
c:\users\firef\desktop\digipen\cs350\cs350framework\build\int\debug\math\math.tlog\cl.write.1.tlog
c:\users\firef\desktop\digipen\cs350\cs350framework\build\int\debug\math\math.tlog\lib-link.read.1.tlog
c:\users\firef\desktop\digipen\cs350\cs350framework\build\int\debug\math\math.tlog\lib-link.write.1.tlog
c:\users\firef\desktop\digipen\cs350\cs350framework\build\int\debug\math\math.tlog\lib.command.1.tlog
